<?xml version='1.0' encoding='UTF-8'?>
<testsuite hostname="DESKTOP-EJCFS1F" name="NthPrimeTest" tests="5" errors="0" failures="0" skipped="4" time="0.016" timestamp="2021-05-04T17:01:54">
                     <properties>
      <property name="jline.esc.timeout" value="0"/><property name="java.runtime.name" value="Java(TM) SE Runtime Environment"/><property name="sun.boot.library.path" value="C:\Program Files\Java\jre1.8.0_291\bin"/><property name="java.vm.version" value="25.291-b10"/><property name="user.country.format" value="AR"/><property name="java.vm.vendor" value="Oracle Corporation"/><property name="java.vendor.url" value="http://java.oracle.com/"/><property name="path.separator" value=";"/><property name="jna.loaded" value="true"/><property name="java.vm.name" value="Java HotSpot(TM) 64-Bit Server VM"/><property name="file.encoding.pkg" value="sun.io"/><property name="user.country" value="US"/><property name="user.script" value=""/><property name="sun.java.launcher" value="SUN_STANDARD"/><property name="sun.os.patch.level" value=""/><property name="jna.nosys" value="true"/><property name="java.vm.specification.name" value="Java Virtual Machine Specification"/><property name="user.dir" value="C:\Users\Federico\Exercism\scala\nth-prime"/><property name="java.runtime.version" value="1.8.0_291-b10"/><property name="java.awt.graphicsenv" value="sun.awt.Win32GraphicsEnvironment"/><property name="java.endorsed.dirs" value="C:\Program Files\Java\jre1.8.0_291\lib\endorsed"/><property name="os.arch" value="amd64"/><property name="java.io.tmpdir" value="C:\Users\Federico\AppData\Local\Temp\"/><property name="line.separator" value="
"/><property name="java.vm.specification.vendor" value="Oracle Corporation"/><property name="log4j.ignoreTCL" value="true"/><property name="user.variant" value=""/><property name="os.name" value="Windows 10"/><property name="sun.jnu.encoding" value="Cp1252"/><property name="jnidispatch.path" value="C:\Users\Federico\AppData\Local\Temp\jna--154078589\jna4239733492006492245.dll"/><property name="java.library.path" value="C:\Program Files (x86)\Common Files\Oracle\Java\javapath;C:\Windows\Sun\Java\bin;C:\Windows\system32;C:\Windows;C:\Program Files (x86)\Common Files\Oracle\Java\javapath;C:\Program Files (x86)\Common Files\Intel\Shared Libraries\redist\intel64\compiler;C:\Windows\system32;C:\Windows;C:\Windows\System32\Wbem;C:\Windows\System32\WindowsPowerShell\v1.0\;C:\Windows\System32\OpenSSH\;C:\Program Files\nodejs\;E:\Program Files\TortoiseSVN\bin;C:\Program Files (x86)\Calibre2\;C:\Program Files (x86)\sbt\bin;C:\Program Files\Java\jdk1.8.0_271\bin;%USERPROFILE%\AppData\Local\Microsoft\WindowsApps;C:\Users\Federico\AppData\Local\Programs\Microsoft VS Code\bin;E:\Program Files\heroku\bin;C:\Users\Federico\AppData\Roaming\npm;E:\Federico\instantclient_19_8;e:\Exercism;."/><property name="java.specification.name" value="Java Platform API Specification"/><property name="java.class.version" value="52.0"/><property name="sun.management.compiler" value="HotSpot 64-Bit Tiered Compilers"/><property name="os.version" value="10.0"/><property name="swoval.tmpdir" value="C:\Users\Federico\.sbt\1.0"/><property name="user.home" value="C:\Users\Federico"/><property name="user.timezone" value="Europe/Minsk"/><property name="java.awt.printerjob" value="sun.awt.windows.WPrinterJob"/><property name="file.encoding" value="Cp1252"/><property name="java.specification.version" value="1.8"/><property name="sbt.log.format" value="true"/><property name="java.class.path" value="C:\Program Files (x86)\sbt\bin\sbt-launch.jar"/><property name="user.name" value="Federico"/><property name="jline.shutdownhook" value="false"/><property name="java.vm.specification.version" value="1.8"/><property name="sun.java.command" value="xsbt.boot.Boot"/><property name="java.home" value="C:\Program Files\Java\jre1.8.0_291"/><property name="sun.arch.data.model" value="64"/><property name="user.language" value="en"/><property name="java.specification.vendor" value="Oracle Corporation"/><property name="user.language.format" value="es"/><property name="awt.toolkit" value="sun.awt.windows.WToolkit"/><property name="java.vm.info" value="mixed mode"/><property name="java.version" value="1.8.0_291"/><property name="java.ext.dirs" value="C:\Program Files\Java\jre1.8.0_291\lib\ext;C:\Windows\Sun\Java\lib\ext"/><property name="sun.boot.class.path" value="C:\Program Files\Java\jre1.8.0_291\lib\resources.jar;C:\Program Files\Java\jre1.8.0_291\lib\rt.jar;C:\Program Files\Java\jre1.8.0_291\lib\sunrsasign.jar;C:\Program Files\Java\jre1.8.0_291\lib\jsse.jar;C:\Program Files\Java\jre1.8.0_291\lib\jce.jar;C:\Program Files\Java\jre1.8.0_291\lib\charsets.jar;C:\Program Files\Java\jre1.8.0_291\lib\jfr.jar;C:\Program Files\Java\jre1.8.0_291\classes"/><property name="java.vendor" value="Oracle Corporation"/><property name="sun.stderr.encoding" value="cp437"/><property name="file.separator" value="\"/><property name="java.vendor.url.bug" value="http://bugreport.sun.com/bugreport/"/><property name="sun.io.unicode.encoding" value="UnicodeLittle"/><property name="sun.cpu.endian" value="little"/><property name="sun.stdout.encoding" value="cp437"/><property name="sun.desktop" value="windows"/><property name="sun.cpu.isalist" value="amd64"/>
    </properties>
                     <testcase classname="NthPrimeTest" name="first prime" time="0.016">
                                                 
                                               </testcase><testcase classname="NthPrimeTest" name="second prime" time="0.0">
                                                 <skipped/>
                                               </testcase><testcase classname="NthPrimeTest" name="sixth prime" time="0.0">
                                                 <skipped/>
                                               </testcase><testcase classname="NthPrimeTest" name="big prime" time="0.0">
                                                 <skipped/>
                                               </testcase><testcase classname="NthPrimeTest" name="there is no zeroth prime" time="0.0">
                                                 <skipped/>
                                               </testcase>
                     <system-out><![CDATA[]]></system-out>
                     <system-err><![CDATA[]]></system-err>
                   </testsuite>